2023-08-06 05:08:12.735727 - Initialized conversion of CBT543
2023-08-06 05:08:12.954346 - Received CBT.V505.FILE543.PDS from FILE543.XMI 
2023-08-06 05:08:12.957012 - Found $$$#DATE.txt (text/plain) in CBT.V505.FILE543.PDS, moved to PDS/$$$#DATE
2023-08-06 05:08:12.958008 - Found $$$INFO.txt (text/plain) in CBT.V505.FILE543.PDS, moved to PDS/$$$INFO
2023-08-06 05:08:12.959170 - Found $$$NOTE1.txt (text/plain) in CBT.V505.FILE543.PDS, moved to PDS/$$$NOTE1
2023-08-06 05:08:12.960289 - Found $$$NOTE2.txt (text/plain) in CBT.V505.FILE543.PDS, moved to PDS/$$$NOTE2
2023-08-06 05:08:12.961376 - Found $$$NOTE3.txt (text/plain) in CBT.V505.FILE543.PDS, moved to PDS/$$$NOTE3
2023-08-06 05:08:12.962318 - Found $$USAGE.txt (text/plain) in CBT.V505.FILE543.PDS, moved to PDS/$$USAGE
2023-08-06 05:08:12.963411 - Found @FILE543.txt (text/plain) in CBT.V505.FILE543.PDS, moved to PDS/@FILE543
2023-08-06 05:08:12.964474 - Found APF.rexx (text/plain) in CBT.V505.FILE543.PDS, moved to PDS/APF
2023-08-06 05:08:12.965579 - Found ASL.rexx (text/plain) in CBT.V505.FILE543.PDS, moved to PDS/ASL
2023-08-06 05:08:12.966511 - Found ASM.txt (text/plain) in CBT.V505.FILE543.PDS, moved to PDS/ASM
2023-08-06 05:08:12.967570 - Found CHECKACT.txt (text/plain) in CBT.V505.FILE543.PDS, moved to PDS/CHECKACT
2023-08-06 05:08:12.968473 - Found CHECKAPF.txt (text/plain) in CBT.V505.FILE543.PDS, moved to PDS/CHECKAPF
2023-08-06 05:08:12.969400 - Found CHECKASL.txt (text/plain) in CBT.V505.FILE543.PDS, moved to PDS/CHECKASL
2023-08-06 05:08:12.970327 - Found CHECKLNK.txt (text/plain) in CBT.V505.FILE543.PDS, moved to PDS/CHECKLNK
2023-08-06 05:08:12.971298 - Found CHECKLPA.txt (text/plain) in CBT.V505.FILE543.PDS, moved to PDS/CHECKLPA
2023-08-06 05:08:12.972171 - Found CHECKMAP.txt (text/plain) in CBT.V505.FILE543.PDS, moved to PDS/CHECKMAP
2023-08-06 05:08:12.973088 - Found CHECKMNU.txt (text/plain) in CBT.V505.FILE543.PDS, moved to PDS/CHECKMNU
2023-08-06 05:08:12.974018 - Found CHECKSRT.txt (text/plain) in CBT.V505.FILE543.PDS, moved to PDS/CHECKSRT
2023-08-06 05:08:12.975030 - Found CHECKSTM.txt (text/plain) in CBT.V505.FILE543.PDS, moved to PDS/CHECKSTM
2023-08-06 05:08:12.975878 - Found CHECKSTR.txt (text/plain) in CBT.V505.FILE543.PDS, moved to PDS/CHECKSTR
2023-08-06 05:08:12.976723 - Found CHECKSYS.rexx (text/plain) in CBT.V505.FILE543.PDS, moved to PDS/CHECKSYS
2023-08-06 05:08:12.977682 - Found CHECKVER.txt (text/plain) in CBT.V505.FILE543.PDS, moved to PDS/CHECKVER
2023-08-06 05:08:12.978612 - Found CHECKVIE.txt (text/plain) in CBT.V505.FILE543.PDS, moved to PDS/CHECKVIE
2023-08-06 05:08:12.979516 - Found GETUADDR.txt (text/plain) in CBT.V505.FILE543.PDS, moved to PDS/GETUADDR
2023-08-06 05:08:12.980507 - Found LNK.rexx (text/plain) in CBT.V505.FILE543.PDS, moved to PDS/LNK
2023-08-06 05:08:12.981526 - Found LPA.rexx (text/plain) in CBT.V505.FILE543.PDS, moved to PDS/LPA
2023-08-06 05:08:12.982504 - Found MAP.rexx (text/plain) in CBT.V505.FILE543.PDS, moved to PDS/MAP
2023-08-06 05:08:12.983488 - Found STR.rexx (text/plain) in CBT.V505.FILE543.PDS, moved to PDS/STR
2023-08-06 05:08:12.984348 - Found SYS.rexx (text/plain) in CBT.V505.FILE543.PDS, moved to PDS/SYS
2023-08-06 05:08:12.985215 - Found VER.rexx (text/plain) in CBT.V505.FILE543.PDS, moved to PDS/VER
